D:\VC\NETSERVER\NETAPP\DEBUG\NETAPP.BSC
D:\VC\NETSERVER\NETAPP\DEBUG\THREAD.SBR
D:\VC\NETSERVER\NETAPP\DEBUG\TCPSERVER_DISPATCHER.SBR
D:\VC\NETSERVER\NETAPP\DEBUG\TCPSERVER_CONNECTOR.SBR
D:\VC\NETSERVER\NETAPP\DEBUG\TCPSERVER_ACCEPTOR.SBR
D:\VC\NETSERVER\NETAPP\DEBUG\TCPSERVER.SBR
D:\VC\NETSERVER\NETAPP\DEBUG\TCPPEER.SBR
D:\VC\NETSERVER\NETAPP\DEBUG\TCPLISTENER.SBR
D:\VC\NETSERVER\NETAPP\DEBUG\SOCKADDR.SBR
D:\VC\NETSERVER\NETAPP\DEBUG\NETSERVER.SBR
D:\VC\NETSERVER\NETAPP\DEBUG\MYSQLPROXY.SBR
D:\VC\NETSERVER\NETAPP\DEBUG\MONITOR.SBR
D:\VC\NETSERVER\NETAPP\DEBUG\MAIN.SBR
D:\VC\NETSERVER\NETAPP\DEBUG\INIFILE.SBR
D:\VC\NETSERVER\NETAPP\DEBUG\INIFILE.OBJ
D:\VC\NETSERVER\NETAPP\DEBUG\MAIN.OBJ
D:\VC\NETSERVER\NETAPP\DEBUG\MONITOR.OBJ
D:\VC\NETSERVER\NETAPP\DEBUG\MYSQLPROXY.OBJ
D:\VC\NETSERVER\NETAPP\DEBUG\NETSERVER.OBJ
D:\VC\NETSERVER\NETAPP\DEBUG\SOCKADDR.OBJ
D:\VC\NETSERVER\NETAPP\DEBUG\TCPLISTENER.OBJ
D:\VC\NETSERVER\NETAPP\DEBUG\TCPPEER.OBJ
D:\VC\NETSERVER\NETAPP\DEBUG\TCPSERVER.OBJ
D:\VC\NETSERVER\NETAPP\DEBUG\TCPSERVER_CONNECTOR.OBJ
D:\VC\NETSERVER\NETAPP\DEBUG\TCPSERVER_DISPATCHER.OBJ
D:\VC\NETSERVER\NETAPP\DEBUG\THREAD.OBJ
D:\VC\NETSERVER\NETAPP\DEBUG\VC110.PDB
D:\VC\NETSERVER\NETAPP\DEBUG\NETAPP.ILK
D:\VC\NETSERVER\NETAPP\DEBUG\NETAPP.EXE
D:\VC\NETSERVER\NETAPP\DEBUG\NETAPP.PDB
D:\VC\NetServer\NetApp\Debug\iniFile.obj
D:\VC\NetServer\NetApp\Debug\main.obj
D:\VC\NetServer\NetApp\Debug\Monitor.obj
D:\VC\NetServer\NetApp\Debug\MySQLProxy.obj
D:\VC\NetServer\NetApp\Debug\NetServer.obj
D:\VC\NetServer\NetApp\Debug\SockAddr.obj
D:\VC\NetServer\NetApp\Debug\TcpListener.obj
D:\VC\NetServer\NetApp\Debug\TcpPeer.obj
D:\VC\NetServer\NetApp\Debug\TcpServer.obj
D:\VC\NetServer\NetApp\Debug\TcpServer_Connector.obj
D:\VC\NetServer\NetApp\Debug\TcpServer_Dispatcher.obj
D:\VC\NetServer\NetApp\Debug\Thread.obj
D:\VC\NetServer\NetApp\Debug\NetApp.ilk
D:\VC\NetServer\NetApp\Debug\BscMake.command.1.tlog
D:\VC\NetServer\NetApp\Debug\bscmake.read.1.tlog
D:\VC\NetServer\NetApp\Debug\bscmake.write.1.tlog
D:\VC\NetServer\NetApp\Debug\cl.command.1.tlog
D:\VC\NetServer\NetApp\Debug\CL.read.1.tlog
D:\VC\NetServer\NetApp\Debug\CL.write.1.tlog
D:\VC\NetServer\NetApp\Debug\link-cvtres.read.1.tlog
D:\VC\NetServer\NetApp\Debug\link-cvtres.write.1.tlog
D:\VC\NetServer\NetApp\Debug\link-rc.read.1.tlog
D:\VC\NetServer\NetApp\Debug\link-rc.write.1.tlog
D:\VC\NetServer\NetApp\Debug\link.command.1.tlog
D:\VC\NetServer\NetApp\Debug\link.read.1.tlog
D:\VC\NetServer\NetApp\Debug\link.write.1.tlog
D:\VC\NetServer\NetApp\Debug\vc110.idb
D:\VC\NetServer\NetApp\Debug\NetApp.pdb
D:\VC\NetServer\NetApp\Debug\vc110.pdb
D:\VC\NetServer\NetApp\Debug\NetApp.bsc
D:\VC\NetServer\NetApp\Debug\iniFile.sbr
D:\VC\NetServer\NetApp\Debug\main.sbr
D:\VC\NetServer\NetApp\Debug\Monitor.sbr
D:\VC\NetServer\NetApp\Debug\MySQLProxy.sbr
D:\VC\NetServer\NetApp\Debug\NetServer.sbr
D:\VC\NetServer\NetApp\Debug\SockAddr.sbr
D:\VC\NetServer\NetApp\Debug\TcpListener.sbr
D:\VC\NetServer\NetApp\Debug\TcpPeer.sbr
D:\VC\NetServer\NetApp\Debug\TcpServer.sbr
D:\VC\NetServer\NetApp\Debug\TcpServer_Acceptor.sbr
D:\VC\NetServer\NetApp\Debug\TcpServer_Connector.sbr
D:\VC\NetServer\NetApp\Debug\TcpServer_Dispatcher.sbr
D:\VC\NetServer\NetApp\Debug\Thread.sbr
D:\VC\NetServer\NetApp\.\Debug\NetApp.exe
